<?xml version="1.0" encoding="UTF-8"?>
<!-- Generated by org.testng.reporters.JUnitXMLReporter -->
<testsuite ignored="5" hostname="LAPTOP-O5N2FL09" failures="9" tests="36" name="Main tests" time="176.95" errors="0" timestamp="2024-05-18T23:56:31 EDT">
  <testcase classname="pageObjectsTests.LoginToApp" name="flakyTest" time="0.054">
    <skipped/>
  </testcase> <!-- flakyTest -->
  <testcase classname="pageObjectsTests.LoginToAppFactory" name="loginToApp_correctCredentials_successfulLogin2" time="3.693"/>
  <testcase classname="pageObjectsTests.PlaylistTest" name="playlistTests_createPlaylist_playlistCreated" time="7.049"/>
  <testcase classname="pageObjectsTests.LoginToApp" name="flakyTest" time="0.001">
    <skipped/>
  </testcase> <!-- flakyTest -->
  <testcase classname="pageObjectsTests.LoginToAppFactory" name="loginToApp_incorrectCredentials_failedLogin2" time="2.739"/>
  <testcase classname="pageObjectsTests.LoginToApp" name="flakyTest" time="0.001">
    <skipped/>
  </testcase> <!-- flakyTest -->
  <testcase classname="pageObjectsTests.LoginToAppFactory" name="loginToApp_correctCredentials_successfulLogin3" time="2.862"/>
  <testcase classname="pageObjectsTests.LoginToApp" name="flakyTest" time="0.001"/>
  <testcase classname="pageObjectsTests.PlaylistTest" name="playlistTests_renamePlaylist_playlistRenamed" time="17.894">
    <failure type="org.openqa.selenium.TimeoutException" message="Expected condition failed: waiting for element to be clickable: By.xpath: //*[@title=&amp;apos;Create a new playlist&amp;apos;] (tried for 15 second(s) with 200 milliseconds interval)
Build info: version: &amp;apos;4.9.1&amp;apos;, revision: &amp;apos;eb2032df7f&amp;apos;
System info: os.name: &amp;apos;Windows 10&amp;apos;, os.arch: &amp;apos;amd64&amp;apos;, os.version: &amp;apos;10.0&amp;apos;, java.version: &amp;apos;17.0.2&amp;apos;
Driver info: org.openqa.selenium.firefox.FirefoxDriver
Capabilities {acceptInsecureCerts: true, browserName: firefox, browserVersion: 125.0.2, moz:accessibilityChecks: false, moz:buildID: 20240419144423, moz:debuggerAddress: 127.0.0.1:18219, moz:geckodriverVersion: 0.34.0, moz:headless: true, moz:platformVersion: 10.0, moz:processID: 18548, moz:profile: C:\Users\acade\AppData\Loca..., moz:shutdownTimeout: 60000, moz:webdriverClick: true, moz:windowless: false, pageLoadStrategy: normal, platformName: windows, proxy: Proxy(), se:cdp: ws://127.0.0.1:18219/devtoo..., se:cdpVersion: 85.0, setWindowRect: true, strictFileInteractability: false, timeouts: {implicit: 0, pageLoad: 300000, script: 30000}, unhandledPromptBehavior: dismiss and notify, userAgent: Mozilla/5.0 (Windows NT 10....}
Session ID: 5b89dd67-6adc-4133-a914-28230f69246d">
      <![CDATA[org.openqa.selenium.TimeoutException: Expected condition failed: waiting for element to be clickable: By.xpath: //*[@title='Create a new playlist'] (tried for 15 second(s) with 200 milliseconds interval)
Build info: version: '4.9.1', revision: 'eb2032df7f'
System info: os.name: 'Windows 10', os.arch: 'amd64', os.version: '10.0', java.version: '17.0.2'
Driver info: org.openqa.selenium.firefox.FirefoxDriver
Capabilities {acceptInsecureCerts: true, browserName: firefox, browserVersion: 125.0.2, moz:accessibilityChecks: false, moz:buildID: 20240419144423, moz:debuggerAddress: 127.0.0.1:18219, moz:geckodriverVersion: 0.34.0, moz:headless: true, moz:platformVersion: 10.0, moz:processID: 18548, moz:profile: C:\Users\acade\AppData\Loca..., moz:shutdownTimeout: 60000, moz:webdriverClick: true, moz:windowless: false, pageLoadStrategy: normal, platformName: windows, proxy: Proxy(), se:cdp: ws://127.0.0.1:18219/devtoo..., se:cdpVersion: 85.0, setWindowRect: true, strictFileInteractability: false, timeouts: {implicit: 0, pageLoad: 300000, script: 30000}, unhandledPromptBehavior: dismiss and notify, userAgent: Mozilla/5.0 (Windows NT 10....}
Session ID: 5b89dd67-6adc-4133-a914-28230f69246d
at org.openqa.selenium.support.ui.WebDriverWait.timeoutException(WebDriverWait.java:87)
at org.openqa.selenium.support.ui.FluentWait.until(FluentWait.java:231)
at PageObjects.MainPage.getPlusButton(MainPage.java:23)
at PageObjects.MainPage.createPlaylist(MainPage.java:49)
at pageObjectsTests.PlaylistTest.playlistTests_renamePlaylist_playlistRenamed(PlaylistTest.java:41)
at java.base/java.util.concurrent.Executors$RunnableAdapter.call(Executors.java:539)
at java.base/java.util.concurrent.FutureTask.run(FutureTask.java:264)
at java.base/java.util.concurrent.ThreadPoolExecutor.runWorker(ThreadPoolExecutor.java:1136)
at java.base/java.util.concurrent.ThreadPoolExecutor$Worker.run(ThreadPoolExecutor.java:635)
at java.base/java.lang.Thread.run(Thread.java:833)
... Removed 13 stack frames]]>
    </failure>
  </testcase> <!-- playlistTests_renamePlaylist_playlistRenamed -->
  <testcase classname="pageObjectsTests.LoginToAppFactory" name="loginToApp_incorrectCredentials_failedLogin3" time="2.458"/>
  <testcase classname="pageObjectsTests.LoginToApp" name="loginToApp_correctCredentials_successfulLogin" time="2.954"/>
  <testcase classname="pageObjectsTests.LoginToAppFactory" name="loginToApp_correctCredentials_successfulLogin4" time="3.494"/>
  <testcase classname="pageObjectsTests.PlaylistTest" name="playlistTests_createPlaylist_playlistCreated1" time="7.62"/>
  <testcase classname="pageObjectsTests.LoginToApp" name="loginToApp_incorrectCredentials_failedLogin" time="2.675"/>
  <testcase classname="pageObjectsTests.LoginToAppFactory" name="loginToApp_incorrectCredentials_failedLogin4" time="2.749"/>
  <testcase classname="pageObjectsTests.LoginToApp" name="loginToApp_correctCredentials_successfulLogin1" time="3.337"/>
  <testcase classname="pageObjectsTests.PlaylistTest" name="playlistTests_renamePlaylist_playlistRenamed1" time="8.196"/>
  <testcase classname="pageObjectsTests.LoginToAppFactory" name="loginToApp_correctCredentials_successfulLogin5" time="3.115"/>
  <testcase classname="pageObjectsTests.LoginToApp" name="loginToApp_incorrectCredentials_failedLogin1" time="2.778"/>
  <testcase classname="pageObjectsTests.PlaylistTest" name="playlistTests_createPlaylist_playlistCreated2" time="3.461">
    <failure type="org.openqa.selenium.ElementClickInterceptedException" message="Element &amp;lt;i class=&amp;quot;fa fa-plus-circle create&amp;quot;&amp;gt; is not clickable at point (233,321) because another element &amp;lt;div id=&amp;quot;overlay&amp;quot; class=&amp;quot;overlay loading&amp;quot;&amp;gt; obscures it
Build info: version: &amp;apos;4.9.1&amp;apos;, revision: &amp;apos;eb2032df7f&amp;apos;
System info: os.name: &amp;apos;Windows 10&amp;apos;, os.arch: &amp;apos;amd64&amp;apos;, os.version: &amp;apos;10.0&amp;apos;, java.version: &amp;apos;17.0.2&amp;apos;
Driver info: org.openqa.selenium.firefox.FirefoxDriver
Command: [7a59bd05-7e05-400e-8651-16344fe14653, clickElement {id=adbb76c5-f44c-4c47-b3c0-d65b1a0fa0d4}]
Capabilities {acceptInsecureCerts: true, browserName: firefox, browserVersion: 125.0.2, moz:accessibilityChecks: false, moz:buildID: 20240419144423, moz:debuggerAddress: 127.0.0.1:38404, moz:geckodriverVersion: 0.34.0, moz:headless: true, moz:platformVersion: 10.0, moz:processID: 20712, moz:profile: C:\Users\acade\AppData\Loca..., moz:shutdownTimeout: 60000, moz:webdriverClick: true, moz:windowless: false, pageLoadStrategy: normal, platformName: windows, proxy: Proxy(), se:cdp: ws://127.0.0.1:38404/devtoo..., se:cdpVersion: 85.0, setWindowRect: true, strictFileInteractability: false, timeouts: {implicit: 0, pageLoad: 300000, script: 30000}, unhandledPromptBehavior: dismiss and notify, userAgent: Mozilla/5.0 (Windows NT 10....}
Element: [[FirefoxDriver: firefox on windows (7a59bd05-7e05-400e-8651-16344fe14653)] -&amp;gt; xpath: //*[@title=&amp;apos;Create a new playlist&amp;apos;]]
Session ID: 7a59bd05-7e05-400e-8651-16344fe14653">
      <![CDATA[org.openqa.selenium.ElementClickInterceptedException: Element <i class="fa fa-plus-circle create"> is not clickable at point (233,321) because another element <div id="overlay" class="overlay loading"> obscures it
Build info: version: '4.9.1', revision: 'eb2032df7f'
System info: os.name: 'Windows 10', os.arch: 'amd64', os.version: '10.0', java.version: '17.0.2'
Driver info: org.openqa.selenium.firefox.FirefoxDriver
Command: [7a59bd05-7e05-400e-8651-16344fe14653, clickElement {id=adbb76c5-f44c-4c47-b3c0-d65b1a0fa0d4}]
Capabilities {acceptInsecureCerts: true, browserName: firefox, browserVersion: 125.0.2, moz:accessibilityChecks: false, moz:buildID: 20240419144423, moz:debuggerAddress: 127.0.0.1:38404, moz:geckodriverVersion: 0.34.0, moz:headless: true, moz:platformVersion: 10.0, moz:processID: 20712, moz:profile: C:\Users\acade\AppData\Loca..., moz:shutdownTimeout: 60000, moz:webdriverClick: true, moz:windowless: false, pageLoadStrategy: normal, platformName: windows, proxy: Proxy(), se:cdp: ws://127.0.0.1:38404/devtoo..., se:cdpVersion: 85.0, setWindowRect: true, strictFileInteractability: false, timeouts: {implicit: 0, pageLoad: 300000, script: 30000}, unhandledPromptBehavior: dismiss and notify, userAgent: Mozilla/5.0 (Windows NT 10....}
Element: [[FirefoxDriver: firefox on windows (7a59bd05-7e05-400e-8651-16344fe14653)] -> xpath: //*[@title='Create a new playlist']]
Session ID: 7a59bd05-7e05-400e-8651-16344fe14653
at org.openqa.selenium.remote.codec.w3c.W3CHttpResponseCodec.createException(W3CHttpResponseCodec.java:200)
at org.openqa.selenium.remote.codec.w3c.W3CHttpResponseCodec.decode(W3CHttpResponseCodec.java:133)
at org.openqa.selenium.remote.codec.w3c.W3CHttpResponseCodec.decode(W3CHttpResponseCodec.java:53)
at org.openqa.selenium.remote.HttpCommandExecutor.execute(HttpCommandExecutor.java:193)
at org.openqa.selenium.remote.service.DriverCommandExecutor.invokeExecute(DriverCommandExecutor.java:183)
at org.openqa.selenium.remote.service.DriverCommandExecutor.execute(DriverCommandExecutor.java:158)
at org.openqa.selenium.remote.RemoteWebDriver.execute(RemoteWebDriver.java:543)
at org.openqa.selenium.remote.RemoteWebElement.execute(RemoteWebElement.java:257)
at org.openqa.selenium.remote.RemoteWebElement.click(RemoteWebElement.java:78)
at PageObjects.MainPage.createPlaylist(MainPage.java:49)
at pageObjectsTests.PlaylistTest.playlistTests_createPlaylist_playlistCreated2(PlaylistTest.java:96)
at java.base/java.util.concurrent.Executors$RunnableAdapter.call(Executors.java:539)
at java.base/java.util.concurrent.FutureTask.run(FutureTask.java:264)
at java.base/java.util.concurrent.ThreadPoolExecutor.runWorker(ThreadPoolExecutor.java:1136)
at java.base/java.util.concurrent.ThreadPoolExecutor$Worker.run(ThreadPoolExecutor.java:635)
at java.base/java.lang.Thread.run(Thread.java:833)
... Removed 18 stack frames]]>
    </failure>
  </testcase> <!-- playlistTests_createPlaylist_playlistCreated2 -->
  <testcase classname="pageObjectsTests.LoginToAppFactory" name="loginToApp_incorrectCredentials_failedLogin5" time="2.443"/>
  <testcase classname="pageObjectsTests.LoginToApp" name="loginToApp_correctCredentials_successfulLogin2" time="3.27"/>
  <testcase classname="pageObjectsTests.PlaylistTest" name="playlistTests_renamePlaylist_playlistRenamed2" time="3.483">
    <failure type="org.openqa.selenium.ElementClickInterceptedException" message="Element &amp;lt;i class=&amp;quot;fa fa-plus-circle create&amp;quot;&amp;gt; is not clickable at point (233,321) because another element &amp;lt;div id=&amp;quot;overlay&amp;quot; class=&amp;quot;overlay loading&amp;quot;&amp;gt; obscures it
Build info: version: &amp;apos;4.9.1&amp;apos;, revision: &amp;apos;eb2032df7f&amp;apos;
System info: os.name: &amp;apos;Windows 10&amp;apos;, os.arch: &amp;apos;amd64&amp;apos;, os.version: &amp;apos;10.0&amp;apos;, java.version: &amp;apos;17.0.2&amp;apos;
Driver info: org.openqa.selenium.firefox.FirefoxDriver
Command: [ac9fde8d-3186-41b3-b095-36bed25339b0, clickElement {id=0d15d9d0-9314-4ad3-954b-d76f8453bae6}]
Capabilities {acceptInsecureCerts: true, browserName: firefox, browserVersion: 125.0.2, moz:accessibilityChecks: false, moz:buildID: 20240419144423, moz:debuggerAddress: 127.0.0.1:14363, moz:geckodriverVersion: 0.34.0, moz:headless: true, moz:platformVersion: 10.0, moz:processID: 18332, moz:profile: C:\Users\acade\AppData\Loca..., moz:shutdownTimeout: 60000, moz:webdriverClick: true, moz:windowless: false, pageLoadStrategy: normal, platformName: windows, proxy: Proxy(), se:cdp: ws://127.0.0.1:14363/devtoo..., se:cdpVersion: 85.0, setWindowRect: true, strictFileInteractability: false, timeouts: {implicit: 0, pageLoad: 300000, script: 30000}, unhandledPromptBehavior: dismiss and notify, userAgent: Mozilla/5.0 (Windows NT 10....}
Element: [[FirefoxDriver: firefox on windows (ac9fde8d-3186-41b3-b095-36bed25339b0)] -&amp;gt; xpath: //*[@title=&amp;apos;Create a new playlist&amp;apos;]]
Session ID: ac9fde8d-3186-41b3-b095-36bed25339b0">
      <![CDATA[org.openqa.selenium.ElementClickInterceptedException: Element <i class="fa fa-plus-circle create"> is not clickable at point (233,321) because another element <div id="overlay" class="overlay loading"> obscures it
Build info: version: '4.9.1', revision: 'eb2032df7f'
System info: os.name: 'Windows 10', os.arch: 'amd64', os.version: '10.0', java.version: '17.0.2'
Driver info: org.openqa.selenium.firefox.FirefoxDriver
Command: [ac9fde8d-3186-41b3-b095-36bed25339b0, clickElement {id=0d15d9d0-9314-4ad3-954b-d76f8453bae6}]
Capabilities {acceptInsecureCerts: true, browserName: firefox, browserVersion: 125.0.2, moz:accessibilityChecks: false, moz:buildID: 20240419144423, moz:debuggerAddress: 127.0.0.1:14363, moz:geckodriverVersion: 0.34.0, moz:headless: true, moz:platformVersion: 10.0, moz:processID: 18332, moz:profile: C:\Users\acade\AppData\Loca..., moz:shutdownTimeout: 60000, moz:webdriverClick: true, moz:windowless: false, pageLoadStrategy: normal, platformName: windows, proxy: Proxy(), se:cdp: ws://127.0.0.1:14363/devtoo..., se:cdpVersion: 85.0, setWindowRect: true, strictFileInteractability: false, timeouts: {implicit: 0, pageLoad: 300000, script: 30000}, unhandledPromptBehavior: dismiss and notify, userAgent: Mozilla/5.0 (Windows NT 10....}
Element: [[FirefoxDriver: firefox on windows (ac9fde8d-3186-41b3-b095-36bed25339b0)] -> xpath: //*[@title='Create a new playlist']]
Session ID: ac9fde8d-3186-41b3-b095-36bed25339b0
at org.openqa.selenium.remote.codec.w3c.W3CHttpResponseCodec.createException(W3CHttpResponseCodec.java:200)
at org.openqa.selenium.remote.codec.w3c.W3CHttpResponseCodec.decode(W3CHttpResponseCodec.java:133)
at org.openqa.selenium.remote.codec.w3c.W3CHttpResponseCodec.decode(W3CHttpResponseCodec.java:53)
at org.openqa.selenium.remote.HttpCommandExecutor.execute(HttpCommandExecutor.java:193)
at org.openqa.selenium.remote.service.DriverCommandExecutor.invokeExecute(DriverCommandExecutor.java:183)
at org.openqa.selenium.remote.service.DriverCommandExecutor.execute(DriverCommandExecutor.java:158)
at org.openqa.selenium.remote.RemoteWebDriver.execute(RemoteWebDriver.java:543)
at org.openqa.selenium.remote.RemoteWebElement.execute(RemoteWebElement.java:257)
at org.openqa.selenium.remote.RemoteWebElement.click(RemoteWebElement.java:78)
at PageObjects.MainPage.createPlaylist(MainPage.java:49)
at pageObjectsTests.PlaylistTest.playlistTests_renamePlaylist_playlistRenamed2(PlaylistTest.java:110)
at java.base/java.util.concurrent.Executors$RunnableAdapter.call(Executors.java:539)
at java.base/java.util.concurrent.FutureTask.run(FutureTask.java:264)
at java.base/java.util.concurrent.ThreadPoolExecutor.runWorker(ThreadPoolExecutor.java:1136)
at java.base/java.util.concurrent.ThreadPoolExecutor$Worker.run(ThreadPoolExecutor.java:635)
at java.base/java.lang.Thread.run(Thread.java:833)
... Removed 18 stack frames]]>
    </failure>
  </testcase> <!-- playlistTests_renamePlaylist_playlistRenamed2 -->
  <testcase classname="pageObjectsTests.LoginToApp" name="loginToApp_incorrectCredentials_failedLogin2" time="2.985"/>
  <testcase classname="pageObjectsTests.PlaylistTest" name="playlistTests_createPlaylist_playlistCreated3" time="3.367">
    <failure type="org.openqa.selenium.ElementClickInterceptedException" message="Element &amp;lt;i class=&amp;quot;fa fa-plus-circle create&amp;quot;&amp;gt; is not clickable at point (233,321) because another element &amp;lt;div id=&amp;quot;overlay&amp;quot; class=&amp;quot;overlay loading&amp;quot;&amp;gt; obscures it
Build info: version: &amp;apos;4.9.1&amp;apos;, revision: &amp;apos;eb2032df7f&amp;apos;
System info: os.name: &amp;apos;Windows 10&amp;apos;, os.arch: &amp;apos;amd64&amp;apos;, os.version: &amp;apos;10.0&amp;apos;, java.version: &amp;apos;17.0.2&amp;apos;
Driver info: org.openqa.selenium.firefox.FirefoxDriver
Command: [f56cd794-5fc7-49b1-af3e-734ab0f19e32, clickElement {id=d062d1bc-0aa8-439a-becc-07ab0c0a59d5}]
Capabilities {acceptInsecureCerts: true, browserName: firefox, browserVersion: 125.0.2, moz:accessibilityChecks: false, moz:buildID: 20240419144423, moz:debuggerAddress: 127.0.0.1:22684, moz:geckodriverVersion: 0.34.0, moz:headless: true, moz:platformVersion: 10.0, moz:processID: 13456, moz:profile: C:\Users\acade\AppData\Loca..., moz:shutdownTimeout: 60000, moz:webdriverClick: true, moz:windowless: false, pageLoadStrategy: normal, platformName: windows, proxy: Proxy(), se:cdp: ws://127.0.0.1:22684/devtoo..., se:cdpVersion: 85.0, setWindowRect: true, strictFileInteractability: false, timeouts: {implicit: 0, pageLoad: 300000, script: 30000}, unhandledPromptBehavior: dismiss and notify, userAgent: Mozilla/5.0 (Windows NT 10....}
Element: [[FirefoxDriver: firefox on windows (f56cd794-5fc7-49b1-af3e-734ab0f19e32)] -&amp;gt; xpath: //*[@title=&amp;apos;Create a new playlist&amp;apos;]]
Session ID: f56cd794-5fc7-49b1-af3e-734ab0f19e32">
      <![CDATA[org.openqa.selenium.ElementClickInterceptedException: Element <i class="fa fa-plus-circle create"> is not clickable at point (233,321) because another element <div id="overlay" class="overlay loading"> obscures it
Build info: version: '4.9.1', revision: 'eb2032df7f'
System info: os.name: 'Windows 10', os.arch: 'amd64', os.version: '10.0', java.version: '17.0.2'
Driver info: org.openqa.selenium.firefox.FirefoxDriver
Command: [f56cd794-5fc7-49b1-af3e-734ab0f19e32, clickElement {id=d062d1bc-0aa8-439a-becc-07ab0c0a59d5}]
Capabilities {acceptInsecureCerts: true, browserName: firefox, browserVersion: 125.0.2, moz:accessibilityChecks: false, moz:buildID: 20240419144423, moz:debuggerAddress: 127.0.0.1:22684, moz:geckodriverVersion: 0.34.0, moz:headless: true, moz:platformVersion: 10.0, moz:processID: 13456, moz:profile: C:\Users\acade\AppData\Loca..., moz:shutdownTimeout: 60000, moz:webdriverClick: true, moz:windowless: false, pageLoadStrategy: normal, platformName: windows, proxy: Proxy(), se:cdp: ws://127.0.0.1:22684/devtoo..., se:cdpVersion: 85.0, setWindowRect: true, strictFileInteractability: false, timeouts: {implicit: 0, pageLoad: 300000, script: 30000}, unhandledPromptBehavior: dismiss and notify, userAgent: Mozilla/5.0 (Windows NT 10....}
Element: [[FirefoxDriver: firefox on windows (f56cd794-5fc7-49b1-af3e-734ab0f19e32)] -> xpath: //*[@title='Create a new playlist']]
Session ID: f56cd794-5fc7-49b1-af3e-734ab0f19e32
at org.openqa.selenium.remote.codec.w3c.W3CHttpResponseCodec.createException(W3CHttpResponseCodec.java:200)
at org.openqa.selenium.remote.codec.w3c.W3CHttpResponseCodec.decode(W3CHttpResponseCodec.java:133)
at org.openqa.selenium.remote.codec.w3c.W3CHttpResponseCodec.decode(W3CHttpResponseCodec.java:53)
at org.openqa.selenium.remote.HttpCommandExecutor.execute(HttpCommandExecutor.java:193)
at org.openqa.selenium.remote.service.DriverCommandExecutor.invokeExecute(DriverCommandExecutor.java:183)
at org.openqa.selenium.remote.service.DriverCommandExecutor.execute(DriverCommandExecutor.java:158)
at org.openqa.selenium.remote.RemoteWebDriver.execute(RemoteWebDriver.java:543)
at org.openqa.selenium.remote.RemoteWebElement.execute(RemoteWebElement.java:257)
at org.openqa.selenium.remote.RemoteWebElement.click(RemoteWebElement.java:78)
at PageObjects.MainPage.createPlaylist(MainPage.java:49)
at pageObjectsTests.PlaylistTest.playlistTests_createPlaylist_playlistCreated3(PlaylistTest.java:128)
at java.base/java.util.concurrent.Executors$RunnableAdapter.call(Executors.java:539)
at java.base/java.util.concurrent.FutureTask.run(FutureTask.java:264)
at java.base/java.util.concurrent.ThreadPoolExecutor.runWorker(ThreadPoolExecutor.java:1136)
at java.base/java.util.concurrent.ThreadPoolExecutor$Worker.run(ThreadPoolExecutor.java:635)
at java.base/java.lang.Thread.run(Thread.java:833)
... Removed 18 stack frames]]>
    </failure>
  </testcase> <!-- playlistTests_createPlaylist_playlistCreated3 -->
  <testcase classname="pageObjectsTests.LoginToApp" name="loginToApp_correctCredentials_successfulLogin3" time="3.19"/>
  <testcase classname="pageObjectsTests.PlaylistTest" name="playlistTests_renamePlaylist_playlistRenamed3" time="3.353">
    <failure type="org.openqa.selenium.ElementClickInterceptedException" message="Element &amp;lt;i class=&amp;quot;fa fa-plus-circle create&amp;quot;&amp;gt; is not clickable at point (233,321) because another element &amp;lt;div id=&amp;quot;overlay&amp;quot; class=&amp;quot;overlay loading&amp;quot;&amp;gt; obscures it
Build info: version: &amp;apos;4.9.1&amp;apos;, revision: &amp;apos;eb2032df7f&amp;apos;
System info: os.name: &amp;apos;Windows 10&amp;apos;, os.arch: &amp;apos;amd64&amp;apos;, os.version: &amp;apos;10.0&amp;apos;, java.version: &amp;apos;17.0.2&amp;apos;
Driver info: org.openqa.selenium.firefox.FirefoxDriver
Command: [0637a908-ea2d-4ea4-8d91-5534c51fd7c0, clickElement {id=e3a1d797-a554-494b-ad63-a2ec1e75ae49}]
Capabilities {acceptInsecureCerts: true, browserName: firefox, browserVersion: 125.0.2, moz:accessibilityChecks: false, moz:buildID: 20240419144423, moz:debuggerAddress: 127.0.0.1:47646, moz:geckodriverVersion: 0.34.0, moz:headless: true, moz:platformVersion: 10.0, moz:processID: 15684, moz:profile: C:\Users\acade\AppData\Loca..., moz:shutdownTimeout: 60000, moz:webdriverClick: true, moz:windowless: false, pageLoadStrategy: normal, platformName: windows, proxy: Proxy(), se:cdp: ws://127.0.0.1:47646/devtoo..., se:cdpVersion: 85.0, setWindowRect: true, strictFileInteractability: false, timeouts: {implicit: 0, pageLoad: 300000, script: 30000}, unhandledPromptBehavior: dismiss and notify, userAgent: Mozilla/5.0 (Windows NT 10....}
Element: [[FirefoxDriver: firefox on windows (0637a908-ea2d-4ea4-8d91-5534c51fd7c0)] -&amp;gt; xpath: //*[@title=&amp;apos;Create a new playlist&amp;apos;]]
Session ID: 0637a908-ea2d-4ea4-8d91-5534c51fd7c0">
      <![CDATA[org.openqa.selenium.ElementClickInterceptedException: Element <i class="fa fa-plus-circle create"> is not clickable at point (233,321) because another element <div id="overlay" class="overlay loading"> obscures it
Build info: version: '4.9.1', revision: 'eb2032df7f'
System info: os.name: 'Windows 10', os.arch: 'amd64', os.version: '10.0', java.version: '17.0.2'
Driver info: org.openqa.selenium.firefox.FirefoxDriver
Command: [0637a908-ea2d-4ea4-8d91-5534c51fd7c0, clickElement {id=e3a1d797-a554-494b-ad63-a2ec1e75ae49}]
Capabilities {acceptInsecureCerts: true, browserName: firefox, browserVersion: 125.0.2, moz:accessibilityChecks: false, moz:buildID: 20240419144423, moz:debuggerAddress: 127.0.0.1:47646, moz:geckodriverVersion: 0.34.0, moz:headless: true, moz:platformVersion: 10.0, moz:processID: 15684, moz:profile: C:\Users\acade\AppData\Loca..., moz:shutdownTimeout: 60000, moz:webdriverClick: true, moz:windowless: false, pageLoadStrategy: normal, platformName: windows, proxy: Proxy(), se:cdp: ws://127.0.0.1:47646/devtoo..., se:cdpVersion: 85.0, setWindowRect: true, strictFileInteractability: false, timeouts: {implicit: 0, pageLoad: 300000, script: 30000}, unhandledPromptBehavior: dismiss and notify, userAgent: Mozilla/5.0 (Windows NT 10....}
Element: [[FirefoxDriver: firefox on windows (0637a908-ea2d-4ea4-8d91-5534c51fd7c0)] -> xpath: //*[@title='Create a new playlist']]
Session ID: 0637a908-ea2d-4ea4-8d91-5534c51fd7c0
at org.openqa.selenium.remote.codec.w3c.W3CHttpResponseCodec.createException(W3CHttpResponseCodec.java:200)
at org.openqa.selenium.remote.codec.w3c.W3CHttpResponseCodec.decode(W3CHttpResponseCodec.java:133)
at org.openqa.selenium.remote.codec.w3c.W3CHttpResponseCodec.decode(W3CHttpResponseCodec.java:53)
at org.openqa.selenium.remote.HttpCommandExecutor.execute(HttpCommandExecutor.java:193)
at org.openqa.selenium.remote.service.DriverCommandExecutor.invokeExecute(DriverCommandExecutor.java:183)
at org.openqa.selenium.remote.service.DriverCommandExecutor.execute(DriverCommandExecutor.java:158)
at org.openqa.selenium.remote.RemoteWebDriver.execute(RemoteWebDriver.java:543)
at org.openqa.selenium.remote.RemoteWebElement.execute(RemoteWebElement.java:257)
at org.openqa.selenium.remote.RemoteWebElement.click(RemoteWebElement.java:78)
at PageObjects.MainPage.createPlaylist(MainPage.java:49)
at pageObjectsTests.PlaylistTest.playlistTests_renamePlaylist_playlistRenamed3(PlaylistTest.java:142)
at java.base/java.util.concurrent.Executors$RunnableAdapter.call(Executors.java:539)
at java.base/java.util.concurrent.FutureTask.run(FutureTask.java:264)
at java.base/java.util.concurrent.ThreadPoolExecutor.runWorker(ThreadPoolExecutor.java:1136)
at java.base/java.util.concurrent.ThreadPoolExecutor$Worker.run(ThreadPoolExecutor.java:635)
at java.base/java.lang.Thread.run(Thread.java:833)
... Removed 18 stack frames]]>
    </failure>
  </testcase> <!-- playlistTests_renamePlaylist_playlistRenamed3 -->
  <testcase classname="pageObjectsTests.LoginToApp" name="loginToApp_incorrectCredentials_failedLogin3" time="2.689"/>
  <testcase classname="pageObjectsTests.PlaylistTest" name="playlistTests_createPlaylist_playlistCreated4" time="3.19">
    <failure type="org.openqa.selenium.ElementClickInterceptedException" message="Element &amp;lt;i class=&amp;quot;fa fa-plus-circle create&amp;quot;&amp;gt; is not clickable at point (233,321) because another element &amp;lt;div id=&amp;quot;overlay&amp;quot; class=&amp;quot;overlay loading&amp;quot;&amp;gt; obscures it
Build info: version: &amp;apos;4.9.1&amp;apos;, revision: &amp;apos;eb2032df7f&amp;apos;
System info: os.name: &amp;apos;Windows 10&amp;apos;, os.arch: &amp;apos;amd64&amp;apos;, os.version: &amp;apos;10.0&amp;apos;, java.version: &amp;apos;17.0.2&amp;apos;
Driver info: org.openqa.selenium.firefox.FirefoxDriver
Command: [ee90e7c3-7428-4260-bd72-c7071526d023, clickElement {id=fd3af2f8-9d5d-40eb-b2f9-0f050157df79}]
Capabilities {acceptInsecureCerts: true, browserName: firefox, browserVersion: 125.0.2, moz:accessibilityChecks: false, moz:buildID: 20240419144423, moz:debuggerAddress: 127.0.0.1:8116, moz:geckodriverVersion: 0.34.0, moz:headless: true, moz:platformVersion: 10.0, moz:processID: 16716, moz:profile: C:\Users\acade\AppData\Loca..., moz:shutdownTimeout: 60000, moz:webdriverClick: true, moz:windowless: false, pageLoadStrategy: normal, platformName: windows, proxy: Proxy(), se:cdp: ws://127.0.0.1:8116/devtool..., se:cdpVersion: 85.0, setWindowRect: true, strictFileInteractability: false, timeouts: {implicit: 0, pageLoad: 300000, script: 30000}, unhandledPromptBehavior: dismiss and notify, userAgent: Mozilla/5.0 (Windows NT 10....}
Element: [[FirefoxDriver: firefox on windows (ee90e7c3-7428-4260-bd72-c7071526d023)] -&amp;gt; xpath: //*[@title=&amp;apos;Create a new playlist&amp;apos;]]
Session ID: ee90e7c3-7428-4260-bd72-c7071526d023">
      <![CDATA[org.openqa.selenium.ElementClickInterceptedException: Element <i class="fa fa-plus-circle create"> is not clickable at point (233,321) because another element <div id="overlay" class="overlay loading"> obscures it
Build info: version: '4.9.1', revision: 'eb2032df7f'
System info: os.name: 'Windows 10', os.arch: 'amd64', os.version: '10.0', java.version: '17.0.2'
Driver info: org.openqa.selenium.firefox.FirefoxDriver
Command: [ee90e7c3-7428-4260-bd72-c7071526d023, clickElement {id=fd3af2f8-9d5d-40eb-b2f9-0f050157df79}]
Capabilities {acceptInsecureCerts: true, browserName: firefox, browserVersion: 125.0.2, moz:accessibilityChecks: false, moz:buildID: 20240419144423, moz:debuggerAddress: 127.0.0.1:8116, moz:geckodriverVersion: 0.34.0, moz:headless: true, moz:platformVersion: 10.0, moz:processID: 16716, moz:profile: C:\Users\acade\AppData\Loca..., moz:shutdownTimeout: 60000, moz:webdriverClick: true, moz:windowless: false, pageLoadStrategy: normal, platformName: windows, proxy: Proxy(), se:cdp: ws://127.0.0.1:8116/devtool..., se:cdpVersion: 85.0, setWindowRect: true, strictFileInteractability: false, timeouts: {implicit: 0, pageLoad: 300000, script: 30000}, unhandledPromptBehavior: dismiss and notify, userAgent: Mozilla/5.0 (Windows NT 10....}
Element: [[FirefoxDriver: firefox on windows (ee90e7c3-7428-4260-bd72-c7071526d023)] -> xpath: //*[@title='Create a new playlist']]
Session ID: ee90e7c3-7428-4260-bd72-c7071526d023
at org.openqa.selenium.remote.codec.w3c.W3CHttpResponseCodec.createException(W3CHttpResponseCodec.java:200)
at org.openqa.selenium.remote.codec.w3c.W3CHttpResponseCodec.decode(W3CHttpResponseCodec.java:133)
at org.openqa.selenium.remote.codec.w3c.W3CHttpResponseCodec.decode(W3CHttpResponseCodec.java:53)
at org.openqa.selenium.remote.HttpCommandExecutor.execute(HttpCommandExecutor.java:193)
at org.openqa.selenium.remote.service.DriverCommandExecutor.invokeExecute(DriverCommandExecutor.java:183)
at org.openqa.selenium.remote.service.DriverCommandExecutor.execute(DriverCommandExecutor.java:158)
at org.openqa.selenium.remote.RemoteWebDriver.execute(RemoteWebDriver.java:543)
at org.openqa.selenium.remote.RemoteWebElement.execute(RemoteWebElement.java:257)
at org.openqa.selenium.remote.RemoteWebElement.click(RemoteWebElement.java:78)
at PageObjects.MainPage.createPlaylist(MainPage.java:49)
at pageObjectsTests.PlaylistTest.playlistTests_createPlaylist_playlistCreated4(PlaylistTest.java:160)
at java.base/java.util.concurrent.Executors$RunnableAdapter.call(Executors.java:539)
at java.base/java.util.concurrent.FutureTask.run(FutureTask.java:264)
at java.base/java.util.concurrent.ThreadPoolExecutor.runWorker(ThreadPoolExecutor.java:1136)
at java.base/java.util.concurrent.ThreadPoolExecutor$Worker.run(ThreadPoolExecutor.java:635)
at java.base/java.lang.Thread.run(Thread.java:833)
... Removed 18 stack frames]]>
    </failure>
  </testcase> <!-- playlistTests_createPlaylist_playlistCreated4 -->
  <testcase classname="pageObjectsTests.LoginToApp" name="loginToApp_correctCredentials_successfulLogin4" time="2.792"/>
  <testcase classname="pageObjectsTests.PlaylistTest" name="playlistTests_renamePlaylist_playlistRenamed4" time="2.997">
    <failure type="org.openqa.selenium.ElementClickInterceptedException" message="Element &amp;lt;i class=&amp;quot;fa fa-plus-circle create&amp;quot;&amp;gt; is not clickable at point (233,321) because another element &amp;lt;div id=&amp;quot;overlay&amp;quot; class=&amp;quot;overlay loading&amp;quot;&amp;gt; obscures it
Build info: version: &amp;apos;4.9.1&amp;apos;, revision: &amp;apos;eb2032df7f&amp;apos;
System info: os.name: &amp;apos;Windows 10&amp;apos;, os.arch: &amp;apos;amd64&amp;apos;, os.version: &amp;apos;10.0&amp;apos;, java.version: &amp;apos;17.0.2&amp;apos;
Driver info: org.openqa.selenium.firefox.FirefoxDriver
Command: [75410c91-d33a-4f19-82ec-1c1b54afc3e1, clickElement {id=8a1c2e33-80d6-49ec-823a-d30ca0a0d08e}]
Capabilities {acceptInsecureCerts: true, browserName: firefox, browserVersion: 125.0.2, moz:accessibilityChecks: false, moz:buildID: 20240419144423, moz:debuggerAddress: 127.0.0.1:11107, moz:geckodriverVersion: 0.34.0, moz:headless: true, moz:platformVersion: 10.0, moz:processID: 18188, moz:profile: C:\Users\acade\AppData\Loca..., moz:shutdownTimeout: 60000, moz:webdriverClick: true, moz:windowless: false, pageLoadStrategy: normal, platformName: windows, proxy: Proxy(), se:cdp: ws://127.0.0.1:11107/devtoo..., se:cdpVersion: 85.0, setWindowRect: true, strictFileInteractability: false, timeouts: {implicit: 0, pageLoad: 300000, script: 30000}, unhandledPromptBehavior: dismiss and notify, userAgent: Mozilla/5.0 (Windows NT 10....}
Element: [[FirefoxDriver: firefox on windows (75410c91-d33a-4f19-82ec-1c1b54afc3e1)] -&amp;gt; xpath: //*[@title=&amp;apos;Create a new playlist&amp;apos;]]
Session ID: 75410c91-d33a-4f19-82ec-1c1b54afc3e1">
      <![CDATA[org.openqa.selenium.ElementClickInterceptedException: Element <i class="fa fa-plus-circle create"> is not clickable at point (233,321) because another element <div id="overlay" class="overlay loading"> obscures it
Build info: version: '4.9.1', revision: 'eb2032df7f'
System info: os.name: 'Windows 10', os.arch: 'amd64', os.version: '10.0', java.version: '17.0.2'
Driver info: org.openqa.selenium.firefox.FirefoxDriver
Command: [75410c91-d33a-4f19-82ec-1c1b54afc3e1, clickElement {id=8a1c2e33-80d6-49ec-823a-d30ca0a0d08e}]
Capabilities {acceptInsecureCerts: true, browserName: firefox, browserVersion: 125.0.2, moz:accessibilityChecks: false, moz:buildID: 20240419144423, moz:debuggerAddress: 127.0.0.1:11107, moz:geckodriverVersion: 0.34.0, moz:headless: true, moz:platformVersion: 10.0, moz:processID: 18188, moz:profile: C:\Users\acade\AppData\Loca..., moz:shutdownTimeout: 60000, moz:webdriverClick: true, moz:windowless: false, pageLoadStrategy: normal, platformName: windows, proxy: Proxy(), se:cdp: ws://127.0.0.1:11107/devtoo..., se:cdpVersion: 85.0, setWindowRect: true, strictFileInteractability: false, timeouts: {implicit: 0, pageLoad: 300000, script: 30000}, unhandledPromptBehavior: dismiss and notify, userAgent: Mozilla/5.0 (Windows NT 10....}
Element: [[FirefoxDriver: firefox on windows (75410c91-d33a-4f19-82ec-1c1b54afc3e1)] -> xpath: //*[@title='Create a new playlist']]
Session ID: 75410c91-d33a-4f19-82ec-1c1b54afc3e1
at org.openqa.selenium.remote.codec.w3c.W3CHttpResponseCodec.createException(W3CHttpResponseCodec.java:200)
at org.openqa.selenium.remote.codec.w3c.W3CHttpResponseCodec.decode(W3CHttpResponseCodec.java:133)
at org.openqa.selenium.remote.codec.w3c.W3CHttpResponseCodec.decode(W3CHttpResponseCodec.java:53)
at org.openqa.selenium.remote.HttpCommandExecutor.execute(HttpCommandExecutor.java:193)
at org.openqa.selenium.remote.service.DriverCommandExecutor.invokeExecute(DriverCommandExecutor.java:183)
at org.openqa.selenium.remote.service.DriverCommandExecutor.execute(DriverCommandExecutor.java:158)
at org.openqa.selenium.remote.RemoteWebDriver.execute(RemoteWebDriver.java:543)
at org.openqa.selenium.remote.RemoteWebElement.execute(RemoteWebElement.java:257)
at org.openqa.selenium.remote.RemoteWebElement.click(RemoteWebElement.java:78)
at PageObjects.MainPage.createPlaylist(MainPage.java:49)
at pageObjectsTests.PlaylistTest.playlistTests_renamePlaylist_playlistRenamed4(PlaylistTest.java:174)
at java.base/java.util.concurrent.Executors$RunnableAdapter.call(Executors.java:539)
at java.base/java.util.concurrent.FutureTask.run(FutureTask.java:264)
at java.base/java.util.concurrent.ThreadPoolExecutor.runWorker(ThreadPoolExecutor.java:1136)
at java.base/java.util.concurrent.ThreadPoolExecutor$Worker.run(ThreadPoolExecutor.java:635)
at java.base/java.lang.Thread.run(Thread.java:833)
... Removed 18 stack frames]]>
    </failure>
  </testcase> <!-- playlistTests_renamePlaylist_playlistRenamed4 -->
  <testcase classname="pageObjectsTests.LoginToApp" name="loginToApp_incorrectCredentials_failedLogin4" time="2.451"/>
  <testcase classname="pageObjectsTests.PlaylistTest" name="playlistTests_createPlaylist_playlistCreated5" time="2.796">
    <failure type="org.openqa.selenium.ElementClickInterceptedException" message="Element &amp;lt;i class=&amp;quot;fa fa-plus-circle create&amp;quot;&amp;gt; is not clickable at point (233,321) because another element &amp;lt;div id=&amp;quot;overlay&amp;quot; class=&amp;quot;overlay loading&amp;quot;&amp;gt; obscures it
Build info: version: &amp;apos;4.9.1&amp;apos;, revision: &amp;apos;eb2032df7f&amp;apos;
System info: os.name: &amp;apos;Windows 10&amp;apos;, os.arch: &amp;apos;amd64&amp;apos;, os.version: &amp;apos;10.0&amp;apos;, java.version: &amp;apos;17.0.2&amp;apos;
Driver info: org.openqa.selenium.firefox.FirefoxDriver
Command: [09088d17-8a8e-4e84-a554-56af19f38719, clickElement {id=40dc2d07-f5a0-46fb-a543-49e37158e430}]
Capabilities {acceptInsecureCerts: true, browserName: firefox, browserVersion: 125.0.2, moz:accessibilityChecks: false, moz:buildID: 20240419144423, moz:debuggerAddress: 127.0.0.1:19455, moz:geckodriverVersion: 0.34.0, moz:headless: true, moz:platformVersion: 10.0, moz:processID: 18444, moz:profile: C:\Users\acade\AppData\Loca..., moz:shutdownTimeout: 60000, moz:webdriverClick: true, moz:windowless: false, pageLoadStrategy: normal, platformName: windows, proxy: Proxy(), se:cdp: ws://127.0.0.1:19455/devtoo..., se:cdpVersion: 85.0, setWindowRect: true, strictFileInteractability: false, timeouts: {implicit: 0, pageLoad: 300000, script: 30000}, unhandledPromptBehavior: dismiss and notify, userAgent: Mozilla/5.0 (Windows NT 10....}
Element: [[FirefoxDriver: firefox on windows (09088d17-8a8e-4e84-a554-56af19f38719)] -&amp;gt; xpath: //*[@title=&amp;apos;Create a new playlist&amp;apos;]]
Session ID: 09088d17-8a8e-4e84-a554-56af19f38719">
      <![CDATA[org.openqa.selenium.ElementClickInterceptedException: Element <i class="fa fa-plus-circle create"> is not clickable at point (233,321) because another element <div id="overlay" class="overlay loading"> obscures it
Build info: version: '4.9.1', revision: 'eb2032df7f'
System info: os.name: 'Windows 10', os.arch: 'amd64', os.version: '10.0', java.version: '17.0.2'
Driver info: org.openqa.selenium.firefox.FirefoxDriver
Command: [09088d17-8a8e-4e84-a554-56af19f38719, clickElement {id=40dc2d07-f5a0-46fb-a543-49e37158e430}]
Capabilities {acceptInsecureCerts: true, browserName: firefox, browserVersion: 125.0.2, moz:accessibilityChecks: false, moz:buildID: 20240419144423, moz:debuggerAddress: 127.0.0.1:19455, moz:geckodriverVersion: 0.34.0, moz:headless: true, moz:platformVersion: 10.0, moz:processID: 18444, moz:profile: C:\Users\acade\AppData\Loca..., moz:shutdownTimeout: 60000, moz:webdriverClick: true, moz:windowless: false, pageLoadStrategy: normal, platformName: windows, proxy: Proxy(), se:cdp: ws://127.0.0.1:19455/devtoo..., se:cdpVersion: 85.0, setWindowRect: true, strictFileInteractability: false, timeouts: {implicit: 0, pageLoad: 300000, script: 30000}, unhandledPromptBehavior: dismiss and notify, userAgent: Mozilla/5.0 (Windows NT 10....}
Element: [[FirefoxDriver: firefox on windows (09088d17-8a8e-4e84-a554-56af19f38719)] -> xpath: //*[@title='Create a new playlist']]
Session ID: 09088d17-8a8e-4e84-a554-56af19f38719
at org.openqa.selenium.remote.codec.w3c.W3CHttpResponseCodec.createException(W3CHttpResponseCodec.java:200)
at org.openqa.selenium.remote.codec.w3c.W3CHttpResponseCodec.decode(W3CHttpResponseCodec.java:133)
at org.openqa.selenium.remote.codec.w3c.W3CHttpResponseCodec.decode(W3CHttpResponseCodec.java:53)
at org.openqa.selenium.remote.HttpCommandExecutor.execute(HttpCommandExecutor.java:193)
at org.openqa.selenium.remote.service.DriverCommandExecutor.invokeExecute(DriverCommandExecutor.java:183)
at org.openqa.selenium.remote.service.DriverCommandExecutor.execute(DriverCommandExecutor.java:158)
at org.openqa.selenium.remote.RemoteWebDriver.execute(RemoteWebDriver.java:543)
at org.openqa.selenium.remote.RemoteWebElement.execute(RemoteWebElement.java:257)
at org.openqa.selenium.remote.RemoteWebElement.click(RemoteWebElement.java:78)
at PageObjects.MainPage.createPlaylist(MainPage.java:49)
at pageObjectsTests.PlaylistTest.playlistTests_createPlaylist_playlistCreated5(PlaylistTest.java:191)
at java.base/java.util.concurrent.Executors$RunnableAdapter.call(Executors.java:539)
at java.base/java.util.concurrent.FutureTask.run(FutureTask.java:264)
at java.base/java.util.concurrent.ThreadPoolExecutor.runWorker(ThreadPoolExecutor.java:1136)
at java.base/java.util.concurrent.ThreadPoolExecutor$Worker.run(ThreadPoolExecutor.java:635)
at java.base/java.lang.Thread.run(Thread.java:833)
... Removed 18 stack frames]]>
    </failure>
  </testcase> <!-- playlistTests_createPlaylist_playlistCreated5 -->
  <testcase classname="pageObjectsTests.LoginToApp" name="loginToApp_correctCredentials_successfulLogin5" time="2.609"/>
  <testcase classname="pageObjectsTests.PlaylistTest" name="playlistTests_renamePlaylist_playlistRenamed5" time="3.551">
    <failure type="org.openqa.selenium.ElementClickInterceptedException" message="Element &amp;lt;i class=&amp;quot;fa fa-plus-circle create&amp;quot;&amp;gt; is not clickable at point (216,321) because another element &amp;lt;div id=&amp;quot;overlay&amp;quot; class=&amp;quot;overlay loading&amp;quot;&amp;gt; obscures it
Build info: version: &amp;apos;4.9.1&amp;apos;, revision: &amp;apos;eb2032df7f&amp;apos;
System info: os.name: &amp;apos;Windows 10&amp;apos;, os.arch: &amp;apos;amd64&amp;apos;, os.version: &amp;apos;10.0&amp;apos;, java.version: &amp;apos;17.0.2&amp;apos;
Driver info: org.openqa.selenium.firefox.FirefoxDriver
Command: [498460df-0138-425a-abf4-f050a03dd001, clickElement {id=3940e50e-a8c5-4b16-abb5-4347fee6883b}]
Capabilities {acceptInsecureCerts: true, browserName: firefox, browserVersion: 125.0.2, moz:accessibilityChecks: false, moz:buildID: 20240419144423, moz:debuggerAddress: 127.0.0.1:6985, moz:geckodriverVersion: 0.34.0, moz:headless: true, moz:platformVersion: 10.0, moz:processID: 2360, moz:profile: C:\Users\acade\AppData\Loca..., moz:shutdownTimeout: 60000, moz:webdriverClick: true, moz:windowless: false, pageLoadStrategy: normal, platformName: windows, proxy: Proxy(), se:cdp: ws://127.0.0.1:6985/devtool..., se:cdpVersion: 85.0, setWindowRect: true, strictFileInteractability: false, timeouts: {implicit: 0, pageLoad: 300000, script: 30000}, unhandledPromptBehavior: dismiss and notify, userAgent: Mozilla/5.0 (Windows NT 10....}
Element: [[FirefoxDriver: firefox on windows (498460df-0138-425a-abf4-f050a03dd001)] -&amp;gt; xpath: //*[@title=&amp;apos;Create a new playlist&amp;apos;]]
Session ID: 498460df-0138-425a-abf4-f050a03dd001">
      <![CDATA[org.openqa.selenium.ElementClickInterceptedException: Element <i class="fa fa-plus-circle create"> is not clickable at point (216,321) because another element <div id="overlay" class="overlay loading"> obscures it
Build info: version: '4.9.1', revision: 'eb2032df7f'
System info: os.name: 'Windows 10', os.arch: 'amd64', os.version: '10.0', java.version: '17.0.2'
Driver info: org.openqa.selenium.firefox.FirefoxDriver
Command: [498460df-0138-425a-abf4-f050a03dd001, clickElement {id=3940e50e-a8c5-4b16-abb5-4347fee6883b}]
Capabilities {acceptInsecureCerts: true, browserName: firefox, browserVersion: 125.0.2, moz:accessibilityChecks: false, moz:buildID: 20240419144423, moz:debuggerAddress: 127.0.0.1:6985, moz:geckodriverVersion: 0.34.0, moz:headless: true, moz:platformVersion: 10.0, moz:processID: 2360, moz:profile: C:\Users\acade\AppData\Loca..., moz:shutdownTimeout: 60000, moz:webdriverClick: true, moz:windowless: false, pageLoadStrategy: normal, platformName: windows, proxy: Proxy(), se:cdp: ws://127.0.0.1:6985/devtool..., se:cdpVersion: 85.0, setWindowRect: true, strictFileInteractability: false, timeouts: {implicit: 0, pageLoad: 300000, script: 30000}, unhandledPromptBehavior: dismiss and notify, userAgent: Mozilla/5.0 (Windows NT 10....}
Element: [[FirefoxDriver: firefox on windows (498460df-0138-425a-abf4-f050a03dd001)] -> xpath: //*[@title='Create a new playlist']]
Session ID: 498460df-0138-425a-abf4-f050a03dd001
at org.openqa.selenium.remote.codec.w3c.W3CHttpResponseCodec.createException(W3CHttpResponseCodec.java:200)
at org.openqa.selenium.remote.codec.w3c.W3CHttpResponseCodec.decode(W3CHttpResponseCodec.java:133)
at org.openqa.selenium.remote.codec.w3c.W3CHttpResponseCodec.decode(W3CHttpResponseCodec.java:53)
at org.openqa.selenium.remote.HttpCommandExecutor.execute(HttpCommandExecutor.java:193)
at org.openqa.selenium.remote.service.DriverCommandExecutor.invokeExecute(DriverCommandExecutor.java:183)
at org.openqa.selenium.remote.service.DriverCommandExecutor.execute(DriverCommandExecutor.java:158)
at org.openqa.selenium.remote.RemoteWebDriver.execute(RemoteWebDriver.java:543)
at org.openqa.selenium.remote.RemoteWebElement.execute(RemoteWebElement.java:257)
at org.openqa.selenium.remote.RemoteWebElement.click(RemoteWebElement.java:78)
at PageObjects.MainPage.createPlaylist(MainPage.java:49)
at pageObjectsTests.PlaylistTest.playlistTests_renamePlaylist_playlistRenamed5(PlaylistTest.java:204)
at java.base/java.util.concurrent.Executors$RunnableAdapter.call(Executors.java:539)
at java.base/java.util.concurrent.FutureTask.run(FutureTask.java:264)
at java.base/java.util.concurrent.ThreadPoolExecutor.runWorker(ThreadPoolExecutor.java:1136)
at java.base/java.util.concurrent.ThreadPoolExecutor$Worker.run(ThreadPoolExecutor.java:635)
at java.base/java.lang.Thread.run(Thread.java:833)
... Removed 18 stack frames]]>
    </failure>
  </testcase> <!-- playlistTests_renamePlaylist_playlistRenamed5 -->
  <testcase classname="pageObjectsTests.LoginToApp" name="loginToApp_incorrectCredentials_failedLogin5" time="2.269"/>
  <testcase classname="pageObjectsTests.LoginToAppFactory" name="loginToApp_correctCredentials_successfulLogin" time="0.0">
    <ignored/>
  </testcase> <!-- loginToApp_correctCredentials_successfulLogin -->
  <testcase classname="pageObjectsTests.PlaylistTest" name="playlistTests_deletePlaylist_playlistDeleted" time="0.0">
    <ignored/>
  </testcase> <!-- playlistTests_deletePlaylist_playlistDeleted -->
  <testcase classname="pageObjectsTests.LoginToAppFactory" name="loginToApp_incorrectCredentials_failedLogin1" time="0.0">
    <ignored/>
  </testcase> <!-- loginToApp_incorrectCredentials_failedLogin1 -->
  <testcase classname="pageObjectsTests.LoginToAppFactory" name="loginToApp_correctCredentials_successfulLogin1" time="0.0">
    <ignored/>
  </testcase> <!-- loginToApp_correctCredentials_successfulLogin1 -->
  <testcase classname="pageObjectsTests.LoginToAppFactory" name="loginToApp_incorrectCredentials_failedLogin" time="0.0">
    <ignored/>
  </testcase> <!-- loginToApp_incorrectCredentials_failedLogin -->
</testsuite> <!-- Main tests -->
